<?xml version="1.0" encoding="UTF-8"?>
<!-- Generated by org.testng.reporters.JUnitReportReporter -->
<testsuite skipped="0" hostname="DEEPANSHU26" name="com.CRM.testcase.LoginPageTest" tests="2" failures="0" timestamp="2019-12-05T13:25:37 IST" time="32.337" errors="0">
  <testcase name="loginPage_titleTest" time="13.728" classname="com.CRM.testcase.LoginPageTest"/>
  <testcase name="logintest" time="18.609" classname="com.CRM.testcase.LoginPageTest"/>
</testsuite> <!-- com.CRM.testcase.LoginPageTest -->
