<?xml version="1.0" encoding="UTF-8"?>
<!-- Generated by org.testng.reporters.JUnitReportReporter -->
<testsuite skipped="0" hostname="DEEPANSHU26" name="com.CRM.testcase.LoginPageTest" tests="2" failures="0" timestamp="2019-12-04T16:40:49 IST" time="28.260" errors="0">
  <testcase name="loginPage_titleTest" time="13.778" classname="com.CRM.testcase.LoginPageTest"/>
  <testcase name="logintest" time="14.482" classname="com.CRM.testcase.LoginPageTest"/>
</testsuite> <!-- com.CRM.testcase.LoginPageTest -->
