<?xml version="1.0" encoding="UTF-8"?>
<!-- Generated by org.testng.reporters.JUnitReportReporter -->
<testsuite skipped="0" hostname="DEEPANSHU26" name="com.CRM.testcase.HomePageTest" tests="3" failures="0" timestamp="2019-12-05T13:25:37 IST" time="45.989" errors="0">
  <testcase name="verifyUserNameTest" time="13.937" classname="com.CRM.testcase.HomePageTest"/>
  <testcase name="navigateToContactPage" time="19.195" classname="com.CRM.testcase.HomePageTest"/>
  <testcase name="verfifyHomePageTest" time="12.857" classname="com.CRM.testcase.HomePageTest"/>
</testsuite> <!-- com.CRM.testcase.HomePageTest -->
