<?xml version="1.0" encoding="UTF-8"?>
<!-- Generated by org.testng.reporters.JUnitReportReporter -->
<testsuite skipped="0" hostname="DEEPANSHU26" name="com.CRM.testcase.ContactPageTest" tests="9" failures="0" timestamp="2019-12-05T13:25:37 IST" time="309.574" errors="0">
  <testcase name="verfiyTitle" time="16.584" classname="com.CRM.testcase.ContactPageTest"/>
  <testcase name="addContactTest" time="37.997" classname="com.CRM.testcase.ContactPageTest"/>
  <testcase name="addContactTest" time="38.400" classname="com.CRM.testcase.ContactPageTest"/>
  <testcase name="addContactTest" time="38.841" classname="com.CRM.testcase.ContactPageTest"/>
  <testcase name="addContactTest" time="38.545" classname="com.CRM.testcase.ContactPageTest"/>
  <testcase name="deleteContactTest" time="35.016" classname="com.CRM.testcase.ContactPageTest"/>
  <testcase name="deleteContactTest" time="34.819" classname="com.CRM.testcase.ContactPageTest"/>
  <testcase name="deleteContactTest" time="34.103" classname="com.CRM.testcase.ContactPageTest"/>
  <testcase name="deleteContactTest" time="35.269" classname="com.CRM.testcase.ContactPageTest"/>
</testsuite> <!-- com.CRM.testcase.ContactPageTest -->
