<?xml version="1.0" encoding="UTF-8"?>
<!-- Generated by org.testng.reporters.JUnitReportReporter -->
<testsuite skipped="0" hostname="DEEPANSHU26" name="com.CRM.testcase.ContactPageTest" tests="9" failures="0" timestamp="2019-12-04T16:40:49 IST" time="308.670" errors="0">
  <testcase name="verfiyTitle" time="16.959" classname="com.CRM.testcase.ContactPageTest"/>
  <testcase name="addContactTest" time="37.426" classname="com.CRM.testcase.ContactPageTest"/>
  <testcase name="addContactTest" time="37.667" classname="com.CRM.testcase.ContactPageTest"/>
  <testcase name="addContactTest" time="37.741" classname="com.CRM.testcase.ContactPageTest"/>
  <testcase name="addContactTest" time="39.000" classname="com.CRM.testcase.ContactPageTest"/>
  <testcase name="deleteContactTest" time="36.002" classname="com.CRM.testcase.ContactPageTest"/>
  <testcase name="deleteContactTest" time="33.833" classname="com.CRM.testcase.ContactPageTest"/>
  <testcase name="deleteContactTest" time="33.769" classname="com.CRM.testcase.ContactPageTest"/>
  <testcase name="deleteContactTest" time="36.273" classname="com.CRM.testcase.ContactPageTest"/>
</testsuite> <!-- com.CRM.testcase.ContactPageTest -->
