<?xml version="1.0" encoding="UTF-8"?>
<!-- Generated by org.testng.reporters.JUnitReportReporter -->
<testsuite skipped="0" hostname="DEEPANSHU26" name="com.CRM.testcase.HomePageTest" tests="3" failures="0" timestamp="2019-12-04T16:40:49 IST" time="47.346" errors="0">
  <testcase name="verifyUserNameTest" time="14.052" classname="com.CRM.testcase.HomePageTest"/>
  <testcase name="navigateToContactPage" time="19.840" classname="com.CRM.testcase.HomePageTest"/>
  <testcase name="verfifyHomePageTest" time="13.454" classname="com.CRM.testcase.HomePageTest"/>
</testsuite> <!-- com.CRM.testcase.HomePageTest -->
